#-----------------------------------------------------------
# Vivado v2018.1 (64-bit)
# SW Build 2188600 on Wed Apr  4 18:40:38 MDT 2018
# IP Build 2185939 on Wed Apr  4 20:55:05 MDT 2018
# Start of session at: Tue Aug 13 17:41:55 2024
# Process ID: 6312
# Current directory: C:/INTERNSHIP_2/TRAINING/four_bit_carry_lockahead_adder/carry_lockahead_adder_usual/works/carry_lookahead_adder
# Command line: vivado.exe -gui_launcher_event rodinguilauncherevent16284 C:\INTERNSHIP_2\TRAINING\four_bit_carry_lockahead_adder\carry_lockahead_adder_usual\works\carry_lookahead_adder\carry_lookahead_adder.xpr
# Log file: C:/INTERNSHIP_2/TRAINING/four_bit_carry_lockahead_adder/carry_lockahead_adder_usual/works/carry_lookahead_adder/vivado.log
# Journal file: C:/INTERNSHIP_2/TRAINING/four_bit_carry_lockahead_adder/carry_lockahead_adder_usual/works/carry_lookahead_adder\vivado.jou
#-----------------------------------------------------------
start_gui
open_project C:/INTERNSHIP_2/TRAINING/four_bit_carry_lockahead_adder/carry_lockahead_adder_usual/works/carry_lookahead_adder/carry_lookahead_adder.xpr
INFO: [ProjectBase 1-489] The host OS only allows 260 characters in a normal path. The project is stored in a path with more than 80 characters. If you experience issues with IP, Block Designs, or files not being found, please consider moving the project to a location with a shorter path. Alternately consider using the OS subst command to map part of the path to a drive letter.
Current project path is 'C:/INTERNSHIP_2/TRAINING/four_bit_carry_lockahead_adder/carry_lockahead_adder_usual/works/carry_lookahead_adder'
ERROR: [Project 1-208] No val for DA Elab Attr
Scanning sources...
Finished scanning sources
CRITICAL WARNING: [Project 1-532] XML ERROR: Project Option SimulatorInstallDirModelSim has no valid value
CRITICAL WARNING: [Project 1-532] XML ERROR: Project Option SimulatorInstallDirQuesta has no valid value
CRITICAL WARNING: [Project 1-532] XML ERROR: Project Option SimulatorInstallDirXcelium has no valid value
CRITICAL WARNING: [Project 1-532] XML ERROR: Project Option SimulatorInstallDirVCS has no valid value
CRITICAL WARNING: [Project 1-532] XML ERROR: Project Option SimulatorInstallDirRiviera has no valid value
CRITICAL WARNING: [Project 1-532] XML ERROR: Project Option SimulatorInstallDirActiveHdl has no valid value
CRITICAL WARNING: [Project 1-532] XML ERROR: Project Option SimulatorGccInstallDirModelSim has no valid value
CRITICAL WARNING: [Project 1-532] XML ERROR: Project Option SimulatorGccInstallDirQuesta has no valid value
CRITICAL WARNING: [Project 1-532] XML ERROR: Project Option SimulatorGccInstallDirXcelium has no valid value
CRITICAL WARNING: [Project 1-532] XML ERROR: Project Option SimulatorGccInstallDirVCS has no valid value
CRITICAL WARNING: [Project 1-532] XML ERROR: Project Option SimulatorGccInstallDirRiviera has no valid value
CRITICAL WARNING: [Project 1-532] XML ERROR: Project Option SimulatorGccInstallDirActiveHdl has no valid value
CRITICAL WARNING: [Project 1-505] Unrecognized Option Name SimulatorVersionXsim
CRITICAL WARNING: [Project 1-505] Unrecognized Option Name SimulatorVersionModelSim
CRITICAL WARNING: [Project 1-505] Unrecognized Option Name SimulatorVersionQuesta
CRITICAL WARNING: [Project 1-505] Unrecognized Option Name SimulatorVersionXcelium
CRITICAL WARNING: [Project 1-505] Unrecognized Option Name SimulatorVersionVCS
CRITICAL WARNING: [Project 1-505] Unrecognized Option Name SimulatorVersionRiviera
CRITICAL WARNING: [Project 1-505] Unrecognized Option Name SimulatorVersionActiveHdl
CRITICAL WARNING: [Project 1-505] Unrecognized Option Name SimulatorGccVersionXsim
CRITICAL WARNING: [Project 1-505] Unrecognized Option Name SimulatorGccVersionModelSim
CRITICAL WARNING: [Project 1-505] Unrecognized Option Name SimulatorGccVersionQuesta
CRITICAL WARNING: [Project 1-505] Unrecognized Option Name SimulatorGccVersionXcelium
CRITICAL WARNING: [Project 1-505] Unrecognized Option Name SimulatorGccVersionVCS
CRITICAL WARNING: [Project 1-505] Unrecognized Option Name SimulatorGccVersionRiviera
CRITICAL WARNING: [Project 1-505] Unrecognized Option Name SimulatorGccVersionActiveHdl
CRITICAL WARNING: [Project 1-505] Unrecognized Option Name IPDefaultOutputPath
CRITICAL WARNING: [Project 1-505] Unrecognized Option Name EnableResourceEstimation
CRITICAL WARNING: [Project 1-505] Unrecognized Option Name SimCompileState
CRITICAL WARNING: [Project 1-505] Unrecognized Option Name FeatureSet
CRITICAL WARNING: [Project 1-505] Unrecognized Option Name MEMEnableMemoryMapGeneration
CRITICAL WARNING: [Project 1-505] Unrecognized Option Name DcpsUptoDate
CRITICAL WARNING: [Project 1-505] Unrecognized Option Name ClassicSocBoot
CRITICAL WARNING: [Project 1-505] Unrecognized Option Name LocalIPRepoLeafDirName
WARNING: [Project 1-231] Project 'carry_lookahead_adder.xpr' was created with a future version and may or may not perform reliably with this version of Vivado. It has been opened in read-only mode for the protection of unrecognized data. Use 'File | Save Project As...' if you wish to alter a copy of the project.
INFO: [IP_Flow 19-234] Refreshing IP repositories
INFO: [IP_Flow 19-1704] No user IP repositories specified
INFO: [IP_Flow 19-2313] Loaded Vivado IP repository 'C:/vivado2018/Vivado/2018.1/data/ip'.
open_project: Time (s): cpu = 00:00:06 ; elapsed = 00:00:09 . Memory (MB): peak = 876.652 ; gain = 142.312
ERROR: [Common 17-39] 'open_project' failed due to earlier errors.
update_compile_order -fileset sources_1
exit
INFO: [Common 17-206] Exiting Vivado at Tue Aug 13 17:45:33 2024...
